\BOOKMARK [0][]{cabstract.0}{\376\377\144\130\211\201}{}% 1
\BOOKMARK [0][]{chapter*.1}{\376\377\144\130\211\201}{}% 2
\BOOKMARK [0][]{chapter*.1}{\376\377\166\356\137\125}{}% 3
\BOOKMARK [0][]{contents.0}{\376\377\166\356\137\125}{}% 4
\BOOKMARK [0][]{chapter.1}{\376\377\173\054\116\000\172\340\000\040\000\040\137\025\213\272}{}% 5
\BOOKMARK [1][-]{section.1.1}{\376\377\0001\000.\0001\000\040\170\024\172\166\200\314\146\157}{chapter.1}% 6
\BOOKMARK [1][-]{section.1.2}{\376\377\0001\000.\0002\000\040\170\024\172\166\225\356\230\230}{chapter.1}% 7
\BOOKMARK [1][-]{section.1.3}{\376\377\0001\000.\0003\000\040\170\024\172\166\166\356\166\204\116\016\116\073\211\201\121\205\133\271}{chapter.1}% 8
\BOOKMARK [1][-]{section.1.4}{\376\377\0001\000.\0004\000\040\213\272\145\207\176\323\147\204\133\211\143\222}{chapter.1}% 9
\BOOKMARK [0][]{chapter.2}{\376\377\173\054\116\214\172\340\000\040\000\040\145\207\163\056\176\374\217\360}{}% 10
\BOOKMARK [1][-]{section.2.1}{\376\377\0002\000.\0001\000\040\0003\000/\0002\152\041\127\213\123\312\121\166\142\151\134\125\150\106\147\266\166\204\123\321\134\125}{chapter.2}% 11
\BOOKMARK [1][-]{section.2.2}{\376\377\0002\000.\0002\000\040\174\276\170\156\152\041\142\337\145\271\154\325\166\204\157\024\217\333}{chapter.2}% 12
\BOOKMARK [1][-]{section.2.3}{\376\377\0002\000.\0003\000\040\126\375\121\205\170\024\172\166\163\260\162\266}{chapter.2}% 13
\BOOKMARK [1][-]{section.2.4}{\376\377\0002\000.\0004\000\040\145\207\163\056\217\360\213\304\116\016\147\054\170\024\172\166\133\232\117\115}{chapter.2}% 14
\BOOKMARK [0][]{chapter.3}{\376\377\173\054\116\011\172\340\000\040\000\040\0003\000/\0002\154\342\122\250\163\207\152\041\127\213\213\276\133\232}{}% 15
\BOOKMARK [1][-]{section.3.1}{\376\377\0003\000.\0001\000\040\0003\000/\0002\152\041\127\213\166\204\157\024\217\333\116\016\176\317\155\116\133\146\166\364\211\311}{chapter.3}% 16
\BOOKMARK [1][-]{section.3.2}{\376\377\0003\000.\0002\000\040\226\217\147\072\137\256\122\006\145\271\172\013\000\040\000\050\000S\000D\000E\000\051\000\040\213\276\133\232}{chapter.3}% 17
\BOOKMARK [1][-]{section.3.3}{\376\377\0003\000.\0003\000\040\171\357\122\006\145\271\135\356\116\016\147\141\116\366\122\006\136\003}{chapter.3}% 18
\BOOKMARK [0][]{chapter.4}{\376\377\173\054\126\333\172\340\000\040\000\040\147\037\147\103\133\232\116\367\145\271\154\325\116\016\173\227\154\325\143\250\133\374}{}% 19
\BOOKMARK [1][-]{section.4.1}{\376\377\0004\000.\0001\000\040\204\231\162\171\123\141\155\033\152\041\142\337\150\106\147\266}{chapter.4}% 20
\BOOKMARK [2][-]{subsection.4.1.1}{\376\377\0004\000.\0001\000.\0001\000\040\147\141\116\366\204\231\162\171\123\141\155\033\152\041\142\337}{section.4.1}% 21
\BOOKMARK [2][-]{subsection.4.1.2}{\376\377\0004\000.\0001\000.\0002\000\040\174\276\170\156\204\231\162\171\123\141\155\033\152\041\142\337}{section.4.1}% 22
\BOOKMARK [2][-]{subsection.4.1.3}{\376\377\0004\000.\0001\000.\0003\000\040\133\232\116\367\213\241\173\227\116\016\200\132\124\010}{section.4.1}% 23
\BOOKMARK [1][-]{section.4.2}{\376\377\0004\000.\0002\000\040\120\205\221\314\123\366\123\330\143\142\145\271\154\325}{chapter.4}% 24
\BOOKMARK [0][]{chapter.5}{\376\377\173\054\116\224\172\340\000\040\000\040\145\160\143\156\213\276\133\232\116\016\145\160\120\074\176\323\147\234\133\371\153\324\122\006\147\220}{}% 25
\BOOKMARK [1][-]{section.5.1}{\376\377\0005\000.\0001\000\040\145\160\143\156\147\145\156\220\116\016\127\072\146\157\213\276\133\232}{chapter.5}% 26
\BOOKMARK [1][-]{section.5.2}{\376\377\0005\000.\0002\000\040\133\232\116\367\145\271\154\325\140\047\200\375\133\371\153\324\122\006\147\220}{chapter.5}% 27
\BOOKMARK [2][-]{subsection.5.2.1}{\376\377\0005\000.\0002\000.\0001\000\040\117\040\176\337\171\273\145\143\123\026\116\016\174\276\170\156\152\041\142\337\145\271\154\325\166\204\134\100\226\120\140\047}{section.5.2}% 28
\BOOKMARK [2][-]{subsection.5.2.2}{\376\377\0005\000.\0002\000.\0002\000\040\230\221\127\337\123\330\143\142\145\271\154\325\166\204\147\103\210\141\116\016\172\201\170\064}{section.5.2}% 29
\BOOKMARK [1][-]{section.5.3}{\376\377\0005\000.\0003\000\040\176\323\213\272}{chapter.5}% 30
\BOOKMARK [0][]{chapter.6}{\376\377\173\054\121\155\172\340\000\040\000\040\122\033\145\260\215\041\163\056\116\016\176\323\213\272}{}% 31
\BOOKMARK [1][-]{section.6.1}{\376\377\0006\000.\0001\000\040\150\070\137\303\122\033\145\260\116\016\215\041\163\056}{chapter.6}% 32
\BOOKMARK [1][-]{section.6.2}{\376\377\0006\000.\0002\000\040\123\321\163\260\116\016\170\024\172\166\176\323\213\272}{chapter.6}% 33
\BOOKMARK [0][]{appendix*.7}{\376\377\201\364\214\042}{}% 34
\BOOKMARK [0][]{appendix*.8}{\376\377\123\027\116\254\131\047\133\146\133\146\117\115\213\272\145\207\123\237\122\033\140\047\130\360\146\016\124\214\117\177\165\050\143\210\147\103\213\364\146\016}{}% 35
